mem_read_generic,target_fmax,200
mem_read_generic,mem_read_generic.B1,II,1
mem_read_generic,mem_read_generic.B2,II,1
mem_read_generic,mem_read_generic.B3,II,1
mem_read_generic,mem_read_generic.B4,II,1
mem_read_generic,mem_read_generic.B5,II,1
conv_generic,target_fmax,200
conv_generic,conv_generic.B1,II,1
conv_generic,conv_generic.B3,II,1
conv_generic,conv_generic.B4,II,1
conv_generic,conv_generic.B6,II,1
conv_generic,conv_generic.B7,II,1
conv_generic,conv_generic.B8,II,1
conv_generic,conv_generic.B9,II,1
conv_generic,conv_generic.B10,II,6
conv_generic,conv_generic.B13,II,1
mem_write_generic,target_fmax,200
mem_write_generic,mem_write_generic.B1,II,1
mem_write_generic,mem_write_generic.B2,II,1
mem_write_generic,mem_write_generic.B3,II,1
